2023/12/24 03:17:45 [notice] 1#1: using the "epoll" event method
2023/12/24 03:17:45 [notice] 1#1: nginx/1.25.3
2023/12/24 03:17:45 [notice] 1#1: built by gcc 12.2.1 20220924 (Alpine 12.2.1_git20220924-r10) 
2023/12/24 03:17:45 [notice] 1#1: OS: Linux 5.15.133.1-microsoft-standard-WSL2
2023/12/24 03:17:45 [notice] 1#1: getrlimit(RLIMIT_NOFILE): 1048576:1048576
2023/12/24 03:17:45 [notice] 1#1: start worker processes
2023/12/24 03:17:45 [notice] 1#1: start worker process 29
2023/12/24 03:17:45 [notice] 1#1: start worker process 30
2023/12/24 03:27:12 [notice] 1#1: signal 3 (SIGQUIT) received, shutting down
2023/12/24 03:27:12 [notice] 29#29: gracefully shutting down
2023/12/24 03:27:12 [notice] 30#30: gracefully shutting down
2023/12/24 03:27:12 [notice] 29#29: exiting
2023/12/24 03:27:12 [notice] 30#30: exiting
2023/12/24 03:27:12 [notice] 30#30: exit
2023/12/24 03:27:12 [notice] 29#29: exit
2023/12/24 03:27:12 [notice] 1#1: signal 17 (SIGCHLD) received from 29
2023/12/24 03:27:12 [notice] 1#1: worker process 29 exited with code 0
2023/12/24 03:27:12 [notice] 1#1: worker process 30 exited with code 0
2023/12/24 03:27:12 [notice] 1#1: exit
2023/12/24 03:31:02 [emerg] 1#1: host not found in upstream "php" in /etc/nginx/conf.d/default.conf:18
2023/12/24 03:37:29 [emerg] 1#1: host not found in upstream "php" in /etc/nginx/conf.d/default.conf:18
2023/12/24 03:38:19 [emerg] 1#1: host not found in upstream "php" in /etc/nginx/conf.d/default.conf:18
2023/12/24 12:46:05 [emerg] 1#1: host not found in upstream "php" in /etc/nginx/conf.d/default.conf:18
2023/12/24 14:54:19 [emerg] 1#1: host not found in upstream "php" in /etc/nginx/conf.d/default.conf:18
2023/12/24 14:54:43 [emerg] 1#1: host not found in upstream "php" in /etc/nginx/conf.d/default.conf:18
2023/12/24 14:55:50 [emerg] 1#1: host not found in upstream "php" in /etc/nginx/conf.d/default.conf:18
